<?xml version="1.0" encoding="utf-8"?><testsuites name="pytest tests"><testsuite name="pytest" errors="0" failures="0" skipped="0" tests="10" time="1.253" timestamp="2026-07-26T13:44:34.011802+00:00" hostname="agent-env-2d2137c2-a7a9-4eab-80a1-ce200558a2d2"><testcase classname="tests.test_project_recall_backend.TestConfig" name="test_config_feature_flags_all_false" time="0.234" /><testcase classname="tests.test_project_recall_backend.TestMeAuth" name="test_me_no_token_returns_401" time="0.291" /><testcase classname="tests.test_project_recall_backend.TestConfig" name="test_config_no_service_role_leak" time="0.133" /><testcase classname="tests.test_project_recall_backend.TestMeAuth" name="test_me_malformed_token_returns_401" time="0.138" /><testcase classname="tests.test_project_recall_backend.TestCORS" name="test_options_preflight" time="0.066" /><testcase classname="tests.test_project_recall_backend.TestMeAuth" name="test_me_wrong_scheme_returns_401" time="0.179" /><testcase classname="tests.test_project_recall_backend.TestCORS" name="test_cors_header_on_get" time="0.129" /><testcase classname="tests.test_project_recall_backend.TestHealth" name="test_health_shape" time="0.099" /><testcase classname="tests.test_project_recall_backend.TestRoot" name="test_root_ok" time="0.133" /><testcase classname="tests.test_project_recall_backend.TestLeakScan" name="test_no_service_role_in_public_endpoints" time="0.194" /></testsuite></testsuites>